<?xml version="1.0" encoding="UTF-8"?>
<!-- Generated by org.testng.reporters.JUnitXMLReporter -->
<testsuite hostname="MININT-UM25UFB" ignored="0" name="Dollar Days Test" tests="7" failures="0" timestamp="2020-09-25T11:17:05 EDT" time="1.703" errors="0">
  <testcase name="@BeforeMethod setUpBrowser" time="1.222" classname="com.dollardays.testcases.BaseTest">
    <failure type="java.lang.Exception" message="Driver Not Found">
      <![CDATA[java.lang.Exception: Driver Not Found
at com.dollardays.testcases.BaseTest.openBrowser(BaseTest.java:78)
at com.dollardays.testcases.BaseTest.setUpBrowser(BaseTest.java:100)
at java.util.ArrayList.forEach(ArrayList.java:1259)
... Removed 32 stack frames]]>
    </failure>
  </testcase> <!-- @BeforeMethod setUpBrowser -->
  <testcase name="@AfterMethod quit" time="-1.601047025333E9" classname="com.dollardays.testcases.BaseTest">
    <skipped/>
  </testcase> <!-- @AfterMethod quit -->
  <testcase name="@BeforeMethod setUpBrowser" time="-1.601047025375E9" classname="com.dollardays.testcases.BaseTest">
    <skipped/>
  </testcase> <!-- @BeforeMethod setUpBrowser -->
  <testcase name="@AfterMethod quit" time="-1.601047025381E9" classname="com.dollardays.testcases.BaseTest">
    <skipped/>
  </testcase> <!-- @AfterMethod quit -->
  <testcase name="@BeforeMethod setUpBrowser" time="-1.601047025447E9" classname="com.dollardays.testcases.BaseTest">
    <skipped/>
  </testcase> <!-- @BeforeMethod setUpBrowser -->
  <testcase name="@AfterMethod quit" time="-1.601047025455E9" classname="com.dollardays.testcases.BaseTest">
    <skipped/>
  </testcase> <!-- @AfterMethod quit -->
  <testcase name="@BeforeMethod setUpBrowser" time="-1.601047025511E9" classname="com.dollardays.testcases.BaseTest">
    <skipped/>
  </testcase> <!-- @BeforeMethod setUpBrowser -->
  <testcase name="@AfterMethod quit" time="-1.60104702552E9" classname="com.dollardays.testcases.BaseTest">
    <skipped/>
  </testcase> <!-- @AfterMethod quit -->
  <testcase name="@BeforeMethod setUpBrowser" time="-1.601047025556E9" classname="com.dollardays.testcases.BaseTest">
    <skipped/>
  </testcase> <!-- @BeforeMethod setUpBrowser -->
  <testcase name="@AfterMethod quit" time="-1.601047025561E9" classname="com.dollardays.testcases.BaseTest">
    <skipped/>
  </testcase> <!-- @AfterMethod quit -->
  <testcase name="@BeforeMethod setUpBrowser" time="-1.601047025595E9" classname="com.dollardays.testcases.BaseTest">
    <skipped/>
  </testcase> <!-- @BeforeMethod setUpBrowser -->
  <testcase name="@AfterMethod quit" time="-1.601047025607E9" classname="com.dollardays.testcases.BaseTest">
    <skipped/>
  </testcase> <!-- @AfterMethod quit -->
  <testcase name="@BeforeMethod setUpBrowser" time="-1.601047025641E9" classname="com.dollardays.testcases.BaseTest">
    <skipped/>
  </testcase> <!-- @BeforeMethod setUpBrowser -->
  <testcase name="@AfterMethod quit" time="-1.601047025647E9" classname="com.dollardays.testcases.BaseTest">
    <skipped/>
  </testcase> <!-- @AfterMethod quit -->
  <testcase name="verifyMenuItemsTest" time="0.0" classname="com.dollardays.testcases.MenuTestcase">
    <skipped/>
  </testcase> <!-- verifyMenuItemsTest -->
  <testcase name="verifyBackToSchoolTest" time="0.0" classname="com.dollardays.testcases.MenuTestcase">
    <skipped/>
  </testcase> <!-- verifyBackToSchoolTest -->
  <testcase name="verifyMaskSanitizerPPETest" time="0.0" classname="com.dollardays.testcases.MenuTestcase">
    <skipped/>
  </testcase> <!-- verifyMaskSanitizerPPETest -->
  <testcase name="verifyForwardBackpacksTest" time="0.0" classname="com.dollardays.testcases.MenuTestcase">
    <skipped/>
  </testcase> <!-- verifyForwardBackpacksTest -->
  <testcase name="verifyBabyTest" time="0.0" classname="com.dollardays.testcases.MenuTestcase">
    <skipped/>
  </testcase> <!-- verifyBabyTest -->
  <testcase name="verifyfAQsTest" time="0.0" classname="com.dollardays.testcases.MenuTestcase">
    <skipped/>
  </testcase> <!-- verifyfAQsTest -->
  <testcase name="verifyElementsOnfAQsTest" time="0.0" classname="com.dollardays.testcases.MenuTestcase">
    <skipped/>
  </testcase> <!-- verifyElementsOnfAQsTest -->
</testsuite> <!-- Dollar Days Test -->
