<?xml version="1.0" encoding="UTF-8"?>
<!-- Generated by org.testng.reporters.JUnitXMLReporter -->
<testsuite hostname="MININT-UM25UFB" ignored="0" name="Dollar Days Test" tests="14" failures="0" timestamp="2020-09-25T14:52:44 EDT" time="4.073" errors="0">
  <testcase name="@BeforeMethod setUpBrowser" time="2.265" classname="com.dollardays.testcases.BaseTest">
    <failure type="java.lang.Exception" message="Driver Not Found">
      <![CDATA[java.lang.Exception: Driver Not Found
at com.dollardays.testcases.BaseTest.openBrowser(BaseTest.java:78)
at com.dollardays.testcases.BaseTest.setUpBrowser(BaseTest.java:100)
at java.util.ArrayList.forEach(ArrayList.java:1259)
... Removed 31 stack frames]]>
    </failure>
  </testcase> <!-- @BeforeMethod setUpBrowser -->
  <testcase name="@AfterMethod quit" time="-1.60105996355E9" classname="com.dollardays.testcases.BaseTest">
    <skipped/>
  </testcase> <!-- @AfterMethod quit -->
  <testcase name="@BeforeMethod setUpBrowser" time="-1.601059963595E9" classname="com.dollardays.testcases.BaseTest">
    <skipped/>
  </testcase> <!-- @BeforeMethod setUpBrowser -->
  <testcase name="@AfterMethod quit" time="-1.601059963605E9" classname="com.dollardays.testcases.BaseTest">
    <skipped/>
  </testcase> <!-- @AfterMethod quit -->
  <testcase name="@BeforeMethod setUpBrowser" time="-1.601059963681E9" classname="com.dollardays.testcases.BaseTest">
    <skipped/>
  </testcase> <!-- @BeforeMethod setUpBrowser -->
  <testcase name="@AfterMethod quit" time="-1.601059963691E9" classname="com.dollardays.testcases.BaseTest">
    <skipped/>
  </testcase> <!-- @AfterMethod quit -->
  <testcase name="@BeforeMethod setUpBrowser" time="-1.601059963738E9" classname="com.dollardays.testcases.BaseTest">
    <skipped/>
  </testcase> <!-- @BeforeMethod setUpBrowser -->
  <testcase name="@AfterMethod quit" time="-1.601059963756E9" classname="com.dollardays.testcases.BaseTest">
    <skipped/>
  </testcase> <!-- @AfterMethod quit -->
  <testcase name="@BeforeMethod setUpBrowser" time="-1.601059963794E9" classname="com.dollardays.testcases.BaseTest">
    <skipped/>
  </testcase> <!-- @BeforeMethod setUpBrowser -->
  <testcase name="@AfterMethod quit" time="-1.601059963812E9" classname="com.dollardays.testcases.BaseTest">
    <skipped/>
  </testcase> <!-- @AfterMethod quit -->
  <testcase name="@BeforeMethod setUpBrowser" time="-1.601059963889E9" classname="com.dollardays.testcases.BaseTest">
    <skipped/>
  </testcase> <!-- @BeforeMethod setUpBrowser -->
  <testcase name="@AfterMethod quit" time="-1.601059963902E9" classname="com.dollardays.testcases.BaseTest">
    <skipped/>
  </testcase> <!-- @AfterMethod quit -->
  <testcase name="@BeforeMethod setUpBrowser" time="-1.601059963985E9" classname="com.dollardays.testcases.BaseTest">
    <skipped/>
  </testcase> <!-- @BeforeMethod setUpBrowser -->
  <testcase name="@AfterMethod quit" time="-1.601059964003E9" classname="com.dollardays.testcases.BaseTest">
    <skipped/>
  </testcase> <!-- @AfterMethod quit -->
  <testcase name="@BeforeMethod setUpBrowser" time="-1.601059964053E9" classname="com.dollardays.testcases.BaseTest">
    <skipped/>
  </testcase> <!-- @BeforeMethod setUpBrowser -->
  <testcase name="@AfterMethod quit" time="-1.601059964088E9" classname="com.dollardays.testcases.BaseTest">
    <skipped/>
  </testcase> <!-- @AfterMethod quit -->
  <testcase name="@BeforeMethod setUpBrowser" time="-1.601059964156E9" classname="com.dollardays.testcases.BaseTest">
    <skipped/>
  </testcase> <!-- @BeforeMethod setUpBrowser -->
  <testcase name="@AfterMethod quit" time="-1.601059964256E9" classname="com.dollardays.testcases.BaseTest">
    <skipped/>
  </testcase> <!-- @AfterMethod quit -->
  <testcase name="@BeforeMethod setUpBrowser" time="-1.601059964303E9" classname="com.dollardays.testcases.BaseTest">
    <skipped/>
  </testcase> <!-- @BeforeMethod setUpBrowser -->
  <testcase name="@AfterMethod quit" time="-1.601059964311E9" classname="com.dollardays.testcases.BaseTest">
    <skipped/>
  </testcase> <!-- @AfterMethod quit -->
  <testcase name="@BeforeMethod setUpBrowser" time="-1.601059964352E9" classname="com.dollardays.testcases.BaseTest">
    <skipped/>
  </testcase> <!-- @BeforeMethod setUpBrowser -->
  <testcase name="@AfterMethod quit" time="-1.601059964358E9" classname="com.dollardays.testcases.BaseTest">
    <skipped/>
  </testcase> <!-- @AfterMethod quit -->
  <testcase name="@BeforeMethod setUpBrowser" time="-1.601059964397E9" classname="com.dollardays.testcases.BaseTest">
    <skipped/>
  </testcase> <!-- @BeforeMethod setUpBrowser -->
  <testcase name="@AfterMethod quit" time="-1.601059964409E9" classname="com.dollardays.testcases.BaseTest">
    <skipped/>
  </testcase> <!-- @AfterMethod quit -->
  <testcase name="@BeforeMethod setUpBrowser" time="-1.601059964435E9" classname="com.dollardays.testcases.BaseTest">
    <skipped/>
  </testcase> <!-- @BeforeMethod setUpBrowser -->
  <testcase name="@AfterMethod quit" time="-1.601059964448E9" classname="com.dollardays.testcases.BaseTest">
    <skipped/>
  </testcase> <!-- @AfterMethod quit -->
  <testcase name="@BeforeMethod setUpBrowser" time="-1.601059964472E9" classname="com.dollardays.testcases.BaseTest">
    <skipped/>
  </testcase> <!-- @BeforeMethod setUpBrowser -->
  <testcase name="@AfterMethod quit" time="-1.601059964476E9" classname="com.dollardays.testcases.BaseTest">
    <skipped/>
  </testcase> <!-- @AfterMethod quit -->
  <testcase name="TC_01_validate_clear_items_from_the_cart_from_shopping_cart_page" time="0.0" classname="com.dollardays.testcases.AddToCartPPETestcase">
    <skipped/>
  </testcase> <!-- TC_01_validate_clear_items_from_the_cart_from_shopping_cart_page -->
  <testcase name="TC_02_validate_cart_by_adding_one_item_from_product_page" time="0.0" classname="com.dollardays.testcases.AddToCartPPETestcase">
    <skipped/>
  </testcase> <!-- TC_02_validate_cart_by_adding_one_item_from_product_page -->
  <testcase name="TC_03_validate_cart_add_one_item_through_add_to_cart_button_on_product_from_PPE_and_Mask_category" time="0.0" classname="com.dollardays.testcases.AddToCartPPETestcase">
    <skipped/>
  </testcase> <!-- TC_03_validate_cart_add_one_item_through_add_to_cart_button_on_product_from_PPE_and_Mask_category -->
  <testcase name="TC_04_validate_cart_by_adding_multiple_items_from_PPE_and_Mask_page_and_verify_shopping_cart" time="0.0" classname="com.dollardays.testcases.AddToCartPPETestcase">
    <skipped/>
  </testcase> <!-- TC_04_validate_cart_by_adding_multiple_items_from_PPE_and_Mask_page_and_verify_shopping_cart -->
  <testcase name="TC_05_validate_updatecart_in_shopping_cart_page" time="0.0" classname="com.dollardays.testcases.AddToCartPPETestcase">
    <skipped/>
  </testcase> <!-- TC_05_validate_updatecart_in_shopping_cart_page -->
  <testcase name="TC_06_Validate_the_case_quantity_text_box_with_valid_data_in_the_shopping_cart_page" time="0.0" classname="com.dollardays.testcases.AddToCartPPETestcase">
    <skipped/>
  </testcase> <!-- TC_06_Validate_the_case_quantity_text_box_with_valid_data_in_the_shopping_cart_page -->
  <testcase name="TC_07_Validate_the_case_quantity_text_box_with_zero_value_and_verify_the_shopping_cart_page" time="0.0" classname="com.dollardays.testcases.AddToCartPPETestcase">
    <skipped/>
  </testcase> <!-- TC_07_Validate_the_case_quantity_text_box_with_zero_value_and_verify_the_shopping_cart_page -->
  <testcase name="TC_08_Validate_the_case_quantity_text_box_with_invalid_data_in_the_shopping_cart_page" time="0.0" classname="com.dollardays.testcases.AddToCartPPETestcase">
    <skipped/>
  </testcase> <!-- TC_08_Validate_the_case_quantity_text_box_with_invalid_data_in_the_shopping_cart_page -->
  <testcase name="TC_09_Validate_the_case_quantity_text_box_with_boundary_value_in_the_shopping_cart_page" time="0.0" classname="com.dollardays.testcases.AddToCartPPETestcase">
    <skipped/>
  </testcase> <!-- TC_09_Validate_the_case_quantity_text_box_with_boundary_value_in_the_shopping_cart_page -->
  <testcase name="TC_10_Validate_the_cart_when_the_user_signoff_and_signin_with_valid_credentials" time="0.0" classname="com.dollardays.testcases.AddToCartPPETestcase">
    <skipped/>
  </testcase> <!-- TC_10_Validate_the_cart_when_the_user_signoff_and_signin_with_valid_credentials -->
  <testcase name="TC_11_validate_no_of_cases_textbox_with_valid_data" time="0.0" classname="com.dollardays.testcases.AddToCartPPETestcase">
    <skipped/>
  </testcase> <!-- TC_11_validate_no_of_cases_textbox_with_valid_data -->
  <testcase name="TC_12_Validate_the_number_of_case_text_box_in_the_product_page" time="0.0" classname="com.dollardays.testcases.AddToCartPPETestcase">
    <skipped/>
  </testcase> <!-- TC_12_Validate_the_number_of_case_text_box_in_the_product_page -->
  <testcase name="TC_13_validate_no_of_cases_textbox_with_zero" time="0.0" classname="com.dollardays.testcases.AddToCartPPETestcase">
    <skipped/>
  </testcase> <!-- TC_13_validate_no_of_cases_textbox_with_zero -->
  <testcase name="TC_14_validate_no_of_cases_textbox_with_character" time="0.0" classname="com.dollardays.testcases.AddToCartPPETestcase">
    <skipped/>
  </testcase> <!-- TC_14_validate_no_of_cases_textbox_with_character -->
</testsuite> <!-- Dollar Days Test -->
