<?xml version="1.0" encoding="UTF-8"?>
<!-- Generated by org.testng.reporters.JUnitReportReporter -->
<testsuite skipped="14" hostname="MININT-UM25UFB" name="com.dollardays.testcases.AddToCartPPETestcase" tests="15" failures="0" timestamp="2020-09-25T14:52:46 EDT" time="2.265" errors="1">
  <testcase name="setUpBrowser" time="2.265" classname="com.dollardays.testcases.AddToCartPPETestcase">
    <error type="java.lang.Exception" message="Driver Not Found">
      <![CDATA[java.lang.Exception: Driver Not Found
at com.dollardays.testcases.BaseTest.openBrowser(BaseTest.java:78)
at com.dollardays.testcases.BaseTest.setUpBrowser(BaseTest.java:100)
at sun.reflect.NativeMethodAccessorImpl.invoke0(Native Method)
at sun.reflect.NativeMethodAccessorImpl.invoke(NativeMethodAccessorImpl.java:62)
at sun.reflect.DelegatingMethodAccessorImpl.invoke(DelegatingMethodAccessorImpl.java:43)
at java.lang.reflect.Method.invoke(Method.java:498)
at org.testng.internal.MethodInvocationHelper.invokeMethod(MethodInvocationHelper.java:132)
at org.testng.internal.MethodInvocationHelper.invokeMethodConsideringTimeout(MethodInvocationHelper.java:61)
at org.testng.internal.ConfigInvoker.invokeConfigurationMethod(ConfigInvoker.java:366)
at org.testng.internal.ConfigInvoker.invokeConfigurations(ConfigInvoker.java:320)
at org.testng.internal.TestInvoker.runConfigMethods(TestInvoker.java:701)
at org.testng.internal.TestInvoker.invokeMethod(TestInvoker.java:527)
at org.testng.internal.TestInvoker.invokeTestMethod(TestInvoker.java:174)
at org.testng.internal.MethodRunner.runInSequence(MethodRunner.java:46)
at org.testng.internal.TestInvoker$MethodInvocationAgent.invoke(TestInvoker.java:822)
at org.testng.internal.TestInvoker.invokeTestMethods(TestInvoker.java:147)
at org.testng.internal.TestMethodWorker.invokeTestMethods(TestMethodWorker.java:146)
at org.testng.internal.TestMethodWorker.run(TestMethodWorker.java:128)
at java.util.ArrayList.forEach(ArrayList.java:1259)
at org.testng.TestRunner.privateRun(TestRunner.java:764)
at org.testng.TestRunner.run(TestRunner.java:585)
at org.testng.SuiteRunner.runTest(SuiteRunner.java:384)
at org.testng.SuiteRunner.runSequentially(SuiteRunner.java:378)
at org.testng.SuiteRunner.privateRun(SuiteRunner.java:337)
at org.testng.SuiteRunner.run(SuiteRunner.java:286)
at org.testng.SuiteRunnerWorker.runSuite(SuiteRunnerWorker.java:53)
at org.testng.SuiteRunnerWorker.run(SuiteRunnerWorker.java:96)
at org.testng.TestNG.runSuitesSequentially(TestNG.java:1218)
at org.testng.TestNG.runSuitesLocally(TestNG.java:1140)
at org.testng.TestNG.runSuites(TestNG.java:1069)
at org.testng.TestNG.run(TestNG.java:1037)
at org.testng.remote.AbstractRemoteTestNG.run(AbstractRemoteTestNG.java:115)
at org.testng.remote.RemoteTestNG.initAndRun(RemoteTestNG.java:251)
at org.testng.remote.RemoteTestNG.main(RemoteTestNG.java:77)
]]>
    </error>
  </testcase> <!-- setUpBrowser -->
  <system-out/>
  <testcase name="TC_04_validate_cart_by_adding_multiple_items_from_PPE_and_Mask_page_and_verify_shopping_cart" time="0.000" classname="com.dollardays.testcases.AddToCartPPETestcase">
    <skipped/>
  </testcase> <!-- TC_04_validate_cart_by_adding_multiple_items_from_PPE_and_Mask_page_and_verify_shopping_cart -->
  <system-out/>
  <testcase name="TC_06_Validate_the_case_quantity_text_box_with_valid_data_in_the_shopping_cart_page" time="0.000" classname="com.dollardays.testcases.AddToCartPPETestcase">
    <skipped/>
  </testcase> <!-- TC_06_Validate_the_case_quantity_text_box_with_valid_data_in_the_shopping_cart_page -->
  <system-out/>
  <testcase name="TC_14_validate_no_of_cases_textbox_with_character" time="0.000" classname="com.dollardays.testcases.AddToCartPPETestcase">
    <skipped/>
  </testcase> <!-- TC_14_validate_no_of_cases_textbox_with_character -->
  <system-out/>
  <testcase name="TC_02_validate_cart_by_adding_one_item_from_product_page" time="0.000" classname="com.dollardays.testcases.AddToCartPPETestcase">
    <skipped/>
  </testcase> <!-- TC_02_validate_cart_by_adding_one_item_from_product_page -->
  <system-out/>
  <testcase name="TC_03_validate_cart_add_one_item_through_add_to_cart_button_on_product_from_PPE_and_Mask_category" time="0.000" classname="com.dollardays.testcases.AddToCartPPETestcase">
    <skipped/>
  </testcase> <!-- TC_03_validate_cart_add_one_item_through_add_to_cart_button_on_product_from_PPE_and_Mask_category -->
  <system-out/>
  <testcase name="TC_07_Validate_the_case_quantity_text_box_with_zero_value_and_verify_the_shopping_cart_page" time="0.000" classname="com.dollardays.testcases.AddToCartPPETestcase">
    <skipped/>
  </testcase> <!-- TC_07_Validate_the_case_quantity_text_box_with_zero_value_and_verify_the_shopping_cart_page -->
  <system-out/>
  <testcase name="TC_12_Validate_the_number_of_case_text_box_in_the_product_page" time="0.000" classname="com.dollardays.testcases.AddToCartPPETestcase">
    <skipped/>
  </testcase> <!-- TC_12_Validate_the_number_of_case_text_box_in_the_product_page -->
  <system-out/>
  <testcase name="TC_10_Validate_the_cart_when_the_user_signoff_and_signin_with_valid_credentials" time="0.000" classname="com.dollardays.testcases.AddToCartPPETestcase">
    <skipped/>
  </testcase> <!-- TC_10_Validate_the_cart_when_the_user_signoff_and_signin_with_valid_credentials -->
  <system-out/>
  <testcase name="TC_05_validate_updatecart_in_shopping_cart_page" time="0.000" classname="com.dollardays.testcases.AddToCartPPETestcase">
    <skipped/>
  </testcase> <!-- TC_05_validate_updatecart_in_shopping_cart_page -->
  <system-out/>
  <testcase name="TC_13_validate_no_of_cases_textbox_with_zero" time="0.000" classname="com.dollardays.testcases.AddToCartPPETestcase">
    <skipped/>
  </testcase> <!-- TC_13_validate_no_of_cases_textbox_with_zero -->
  <system-out/>
  <testcase name="TC_01_validate_clear_items_from_the_cart_from_shopping_cart_page" time="0.000" classname="com.dollardays.testcases.AddToCartPPETestcase">
    <skipped/>
  </testcase> <!-- TC_01_validate_clear_items_from_the_cart_from_shopping_cart_page -->
  <system-out/>
  <testcase name="TC_11_validate_no_of_cases_textbox_with_valid_data" time="0.000" classname="com.dollardays.testcases.AddToCartPPETestcase">
    <skipped/>
  </testcase> <!-- TC_11_validate_no_of_cases_textbox_with_valid_data -->
  <system-out/>
  <testcase name="TC_08_Validate_the_case_quantity_text_box_with_invalid_data_in_the_shopping_cart_page" time="0.000" classname="com.dollardays.testcases.AddToCartPPETestcase">
    <skipped/>
  </testcase> <!-- TC_08_Validate_the_case_quantity_text_box_with_invalid_data_in_the_shopping_cart_page -->
  <system-out/>
  <testcase name="TC_09_Validate_the_case_quantity_text_box_with_boundary_value_in_the_shopping_cart_page" time="0.000" classname="com.dollardays.testcases.AddToCartPPETestcase">
    <skipped/>
  </testcase> <!-- TC_09_Validate_the_case_quantity_text_box_with_boundary_value_in_the_shopping_cart_page -->
  <system-out/>
</testsuite> <!-- com.dollardays.testcases.AddToCartPPETestcase -->
